Config './configs/mobi_rf_kmeans.yaml' has no VERSION. Assuming it to be compatible with latest v1.
it_mobi.pkl
[(<vispel.vispel.vispel.VISPEL object at 0x7f660fdd3eb0>, 0.4839426046800158), (<vispel.vispel.vispel.VISPEL object at 0x7f660fd72820>, 0.5616452960707954), (<vispel.vispel.vispel.VISPEL object at 0x7f660fdd3f70>, 0.6246863206591472), (<vispel.vispel.vispel.VISPEL object at 0x7f660fdd3dc0>, 0.5472321205854379)]
best model score:  0.6246863206591472
total time:  121.81042742729187




Config './configs/mobi_rf_kmeans.yaml' has no VERSION. Assuming it to be compatible with latest v1.
accom_mobi.pkl
[(<vispel.vispel.vispel.VISPEL object at 0x7fb72db97a00>, 0.5413778337379409), (<vispel.vispel.vispel.VISPEL object at 0x7fb72dbf8fa0>, 0.5235130295013657), (<vispel.vispel.vispel.VISPEL object at 0x7fb72db97400>, 0.5583338725700366), (<vispel.vispel.vispel.VISPEL object at 0x7fb72dbf8c10>, 0.4509131435706609)]
best model score:  0.5583338725700366
total time:  122.76411986351013




Config './configs/mobi_rf_kmeans.yaml' has no VERSION. Assuming it to be compatible with latest v1.
bank_mobi.pkl
[(<vispel.vispel.vispel.VISPEL object at 0x7fd047efcf10>, 0.4213372958617864), (<vispel.vispel.vispel.VISPEL object at 0x7fd047efce20>, 0.47236573943930393), (<vispel.vispel.vispel.VISPEL object at 0x7fd047efcee0>, 0.4217325139319687), (<vispel.vispel.vispel.VISPEL object at 0x7fd047e9b910>, 0.472880527071049)]
best model score:  0.472880527071049
total time:  122.60022401809692




Config './configs/mobi_rf_kmeans.yaml' has no VERSION. Assuming it to be compatible with latest v1.
wait_mobi.pkl
[(<vispel.vispel.vispel.VISPEL object at 0x7f97bacd0e20>, 0.7853571960233219), (<vispel.vispel.vispel.VISPEL object at 0x7f97bacd0f70>, 0.6447876794537594), (<vispel.vispel.vispel.VISPEL object at 0x7f97bacd0ee0>, 0.7622838445359941), (<vispel.vispel.vispel.VISPEL object at 0x7f97bac6f9d0>, 0.6416667573389248)]
best model score:  0.7853571960233219
total time:  121.6257894039154




Config './configs/rcnn_rf_kmeans.yaml' has no VERSION. Assuming it to be compatible with latest v1.
it_rcnn.pkl
[(<vispel.vispel.vispel.VISPEL object at 0x7f1910e36e20>, 0.5840665044252373), (<vispel.vispel.vispel.VISPEL object at 0x7f1910dd5a60>, 0.5306702761631892), (<vispel.vispel.vispel.VISPEL object at 0x7f1910e36dc0>, 0.5150576553457902), (<vispel.vispel.vispel.VISPEL object at 0x7f1910e36f70>, 0.5347974774735316)]
best model score:  0.5840665044252373
total time:  122.34842872619629




Config './configs/rcnn_rf_kmeans.yaml' has no VERSION. Assuming it to be compatible with latest v1.
accom_rcnn.pkl
[(<vispel.vispel.vispel.VISPEL object at 0x7f34abfee820>, 0.6085396488971713), (<vispel.vispel.vispel.VISPEL object at 0x7f34ac04ffa0>, 0.43567786491470084), (<vispel.vispel.vispel.VISPEL object at 0x7f34abfee6a0>, 0.6602816530196243), (<vispel.vispel.vispel.VISPEL object at 0x7f34b4fbd940>, 0.4504688642398101)]
best model score:  0.6602816530196243
total time:  122.72255349159241




Config './configs/rcnn_rf_kmeans.yaml' has no VERSION. Assuming it to be compatible with latest v1.
bank_rcnn.pkl
[(<vispel.vispel.vispel.VISPEL object at 0x7f55a8ea1a00>, 0.16689836044851936), (<vispel.vispel.vispel.VISPEL object at 0x7f55b1e70940>, 0.19636860240121418), (<vispel.vispel.vispel.VISPEL object at 0x7f55a8ea1400>, 0.20040396844857813), (<vispel.vispel.vispel.VISPEL object at 0x7f55a8f02fa0>, 0.10641293252875503)]
best model score:  0.20040396844857813
total time:  119.83885169029236




Config './configs/rcnn_rf_kmeans.yaml' has no VERSION. Assuming it to be compatible with latest v1.
wait_rcnn.pkl
[(<vispel.vispel.vispel.VISPEL object at 0x7f94cc4c1850>, 0.7918895387136614), (<vispel.vispel.vispel.VISPEL object at 0x7f94cc522fa0>, 0.7368913858301788), (<vispel.vispel.vispel.VISPEL object at 0x7f94cc522c10>, 0.7904734320269461), (<vispel.vispel.vispel.VISPEL object at 0x7f94cc4c1400>, 0.7345546182139333)]
best model score:  0.7918895387136614
total time:  118.45184016227722




