Config './configs/mobi_BL.yaml' has no VERSION. Assuming it to be compatible with latest v1.
[(<lib.baseline.baseline.BaseFocalRating object at 0x7fe9f281ea90>, 0.36220280878199573), (<lib.baseline.baseline.BaseFocalRating object at 0x7fe9f28877c0>, 0.36220280878199573), (<lib.baseline.baseline.BaseFocalRating object at 0x7fe9f281bb50>, 0.36220280878199573), (<lib.baseline.baseline.BaseFocalRating object at 0x7fe9f281b0d0>, 0.36220280878199573), (<lib.baseline.baseline.BaseFocalRating object at 0x7fe9f281bb80>, 0.3602542012062052), (<lib.baseline.baseline.BaseFocalRating object at 0x7fe9f281b760>, 0.36132612924364876), (<lib.baseline.baseline.BaseFocalRating object at 0x7fe9f281b100>, 0.36163739127231087), (<lib.baseline.baseline.BaseFocalRating object at 0x7fe9f281b790>, 0.3617855603585858), (<lib.baseline.baseline.BaseFocalRating object at 0x7fe9f2887370>, 0.35801396244903316), (<lib.baseline.baseline.BaseFocalRating object at 0x7fe9f281bca0>, 0.3603853373332083), (<lib.baseline.baseline.BaseFocalRating object at 0x7fe9f281b610>, 0.36104462558069156), (<lib.baseline.baseline.BaseFocalRating object at 0x7fe9f281b370>, 0.3613532364330422), (<lib.baseline.baseline.BaseFocalRating object at 0x7fe9f281b8e0>, 0.3554975169546853), (<lib.baseline.baseline.BaseFocalRating object at 0x7fe9f281b220>, 0.3593817366788988), (<lib.baseline.baseline.BaseFocalRating object at 0x7fe9f281bdf0>, 0.3604248502316228), (<lib.baseline.baseline.BaseFocalRating object at 0x7fe9f281b8b0>, 0.3609059706489355)]
best val model score:  0.36220280878199573
total time:  395.8884267807007
Saved model !
Best Val Corr: 0.3622
/home/khoanguyen/.conda/envs/lervup/lib/python3.8/site-packages/scipy/stats/stats.py:3845: PearsonRConstantInputWarning: An input array is constant; the correlation coefficent is not defined.
  warnings.warn(PearsonRConstantInputWarning())
/home/khoanguyen/.conda/envs/lervup/lib/python3.8/site-packages/scipy/stats/stats.py:3845: PearsonRConstantInputWarning: An input array is constant; the correlation coefficent is not defined.
  warnings.warn(PearsonRConstantInputWarning())
/home/khoanguyen/.conda/envs/lervup/lib/python3.8/site-packages/scipy/stats/stats.py:3845: PearsonRConstantInputWarning: An input array is constant; the correlation coefficent is not defined.
  warnings.warn(PearsonRConstantInputWarning())
/home/khoanguyen/.conda/envs/lervup/lib/python3.8/site-packages/scipy/stats/stats.py:3845: PearsonRConstantInputWarning: An input array is constant; the correlation coefficent is not defined.
  warnings.warn(PearsonRConstantInputWarning())
/home/khoanguyen/.conda/envs/lervup/lib/python3.8/site-packages/scipy/stats/stats.py:3845: PearsonRConstantInputWarning: An input array is constant; the correlation coefficent is not defined.
  warnings.warn(PearsonRConstantInputWarning())
/home/khoanguyen/.conda/envs/lervup/lib/python3.8/site-packages/scipy/stats/stats.py:3845: PearsonRConstantInputWarning: An input array is constant; the correlation coefficent is not defined.
  warnings.warn(PearsonRConstantInputWarning())
/home/khoanguyen/.conda/envs/lervup/lib/python3.8/site-packages/scipy/stats/stats.py:3845: PearsonRConstantInputWarning: An input array is constant; the correlation coefficent is not defined.
  warnings.warn(PearsonRConstantInputWarning())
/home/khoanguyen/.conda/envs/lervup/lib/python3.8/site-packages/scipy/stats/stats.py:3845: PearsonRConstantInputWarning: An input array is constant; the correlation coefficent is not defined.
  warnings.warn(PearsonRConstantInputWarning())
/home/khoanguyen/.conda/envs/lervup/lib/python3.8/site-packages/scipy/stats/stats.py:3845: PearsonRConstantInputWarning: An input array is constant; the correlation coefficent is not defined.
  warnings.warn(PearsonRConstantInputWarning())
/home/khoanguyen/.conda/envs/lervup/lib/python3.8/site-packages/scipy/stats/stats.py:3845: PearsonRConstantInputWarning: An input array is constant; the correlation coefficent is not defined.
  warnings.warn(PearsonRConstantInputWarning())
/home/khoanguyen/.conda/envs/lervup/lib/python3.8/site-packages/scipy/stats/stats.py:3845: PearsonRConstantInputWarning: An input array is constant; the correlation coefficent is not defined.
  warnings.warn(PearsonRConstantInputWarning())
/home/khoanguyen/.conda/envs/lervup/lib/python3.8/site-packages/scipy/stats/stats.py:3845: PearsonRConstantInputWarning: An input array is constant; the correlation coefficent is not defined.
  warnings.warn(PearsonRConstantInputWarning())
/home/khoanguyen/.conda/envs/lervup/lib/python3.8/site-packages/scipy/stats/stats.py:3845: PearsonRConstantInputWarning: An input array is constant; the correlation coefficent is not defined.
  warnings.warn(PearsonRConstantInputWarning())
/home/khoanguyen/.conda/envs/lervup/lib/python3.8/site-packages/scipy/stats/stats.py:3845: PearsonRConstantInputWarning: An input array is constant; the correlation coefficent is not defined.
  warnings.warn(PearsonRConstantInputWarning())
/home/khoanguyen/.conda/envs/lervup/lib/python3.8/site-packages/scipy/stats/stats.py:3845: PearsonRConstantInputWarning: An input array is constant; the correlation coefficent is not defined.
  warnings.warn(PearsonRConstantInputWarning())
/home/khoanguyen/.conda/envs/lervup/lib/python3.8/site-packages/scipy/stats/stats.py:3845: PearsonRConstantInputWarning: An input array is constant; the correlation coefficent is not defined.
  warnings.warn(PearsonRConstantInputWarning())
Config './configs/mobi_BL.yaml' has no VERSION. Assuming it to be compatible with latest v1.
[(<lib.baseline.baseline.BaseFocalRating object at 0x7fdc1fbb1f70>, 0.3497070813493207), (<lib.baseline.baseline.BaseFocalRating object at 0x7fdc1fbb1bb0>, 0.3497070813493207), (<lib.baseline.baseline.BaseFocalRating object at 0x7fdc1fbbdb50>, 0.3497070813493207), (<lib.baseline.baseline.BaseFocalRating object at 0x7fdc1fbb1dc0>, 0.3497070813493207), (<lib.baseline.baseline.BaseFocalRating object at 0x7fdc1fb4f490>, 0.34726181087363417), (<lib.baseline.baseline.BaseFocalRating object at 0x7fdc1fbbd340>, 0.3486103333245448), (<lib.baseline.baseline.BaseFocalRating object at 0x7fdc1fbb1c10>, 0.3490004071300032), (<lib.baseline.baseline.BaseFocalRating object at 0x7fdc1fbb1af0>, 0.3491858362692746), (<lib.baseline.baseline.BaseFocalRating object at 0x7fdc1fbb1d30>, 0.438282394663444), (<lib.baseline.baseline.BaseFocalRating object at 0x7fdc1fbb1a00>, 0.3474315608396332), (<lib.baseline.baseline.BaseFocalRating object at 0x7fdc1fbb1ca0>, 0.34825874855643685), (<lib.baseline.baseline.BaseFocalRating object at 0x7fdc1fbb1c40>, 0.34864530839008423), (<lib.baseline.baseline.BaseFocalRating object at 0x7fdc1fbb1a90>, 0.4139067635090408), (<lib.baseline.baseline.BaseFocalRating object at 0x7fdc1fbb1fa0>, 0.413653584081092), (<lib.baseline.baseline.BaseFocalRating object at 0x7fdc1fbbd910>, 0.34748257035349184), (<lib.baseline.baseline.BaseFocalRating object at 0x7fdc1fbbd5b0>, 0.3480856798331806)]
best val model score:  0.438282394663444
total time:  402.91230273246765
Saved model !
Best Val Corr: 0.4383
/home/khoanguyen/.conda/envs/lervup/lib/python3.8/site-packages/scipy/stats/stats.py:3845: PearsonRConstantInputWarning: An input array is constant; the correlation coefficent is not defined.
  warnings.warn(PearsonRConstantInputWarning())
/home/khoanguyen/.conda/envs/lervup/lib/python3.8/site-packages/scipy/stats/stats.py:3845: PearsonRConstantInputWarning: An input array is constant; the correlation coefficent is not defined.
  warnings.warn(PearsonRConstantInputWarning())
/home/khoanguyen/.conda/envs/lervup/lib/python3.8/site-packages/scipy/stats/stats.py:3845: PearsonRConstantInputWarning: An input array is constant; the correlation coefficent is not defined.
  warnings.warn(PearsonRConstantInputWarning())
/home/khoanguyen/.conda/envs/lervup/lib/python3.8/site-packages/scipy/stats/stats.py:3845: PearsonRConstantInputWarning: An input array is constant; the correlation coefficent is not defined.
  warnings.warn(PearsonRConstantInputWarning())
/home/khoanguyen/.conda/envs/lervup/lib/python3.8/site-packages/scipy/stats/stats.py:3845: PearsonRConstantInputWarning: An input array is constant; the correlation coefficent is not defined.
  warnings.warn(PearsonRConstantInputWarning())
/home/khoanguyen/.conda/envs/lervup/lib/python3.8/site-packages/scipy/stats/stats.py:3845: PearsonRConstantInputWarning: An input array is constant; the correlation coefficent is not defined.
  warnings.warn(PearsonRConstantInputWarning())
/home/khoanguyen/.conda/envs/lervup/lib/python3.8/site-packages/scipy/stats/stats.py:3845: PearsonRConstantInputWarning: An input array is constant; the correlation coefficent is not defined.
  warnings.warn(PearsonRConstantInputWarning())
/home/khoanguyen/.conda/envs/lervup/lib/python3.8/site-packages/scipy/stats/stats.py:3845: PearsonRConstantInputWarning: An input array is constant; the correlation coefficent is not defined.
  warnings.warn(PearsonRConstantInputWarning())
/home/khoanguyen/.conda/envs/lervup/lib/python3.8/site-packages/scipy/stats/stats.py:3845: PearsonRConstantInputWarning: An input array is constant; the correlation coefficent is not defined.
  warnings.warn(PearsonRConstantInputWarning())
/home/khoanguyen/.conda/envs/lervup/lib/python3.8/site-packages/scipy/stats/stats.py:3845: PearsonRConstantInputWarning: An input array is constant; the correlation coefficent is not defined.
  warnings.warn(PearsonRConstantInputWarning())
/home/khoanguyen/.conda/envs/lervup/lib/python3.8/site-packages/scipy/stats/stats.py:3845: PearsonRConstantInputWarning: An input array is constant; the correlation coefficent is not defined.
  warnings.warn(PearsonRConstantInputWarning())
/home/khoanguyen/.conda/envs/lervup/lib/python3.8/site-packages/scipy/stats/stats.py:3845: PearsonRConstantInputWarning: An input array is constant; the correlation coefficent is not defined.
  warnings.warn(PearsonRConstantInputWarning())
/home/khoanguyen/.conda/envs/lervup/lib/python3.8/site-packages/scipy/stats/stats.py:3845: PearsonRConstantInputWarning: An input array is constant; the correlation coefficent is not defined.
  warnings.warn(PearsonRConstantInputWarning())
/home/khoanguyen/.conda/envs/lervup/lib/python3.8/site-packages/scipy/stats/stats.py:3845: PearsonRConstantInputWarning: An input array is constant; the correlation coefficent is not defined.
  warnings.warn(PearsonRConstantInputWarning())
/home/khoanguyen/.conda/envs/lervup/lib/python3.8/site-packages/scipy/stats/stats.py:3845: PearsonRConstantInputWarning: An input array is constant; the correlation coefficent is not defined.
  warnings.warn(PearsonRConstantInputWarning())
/home/khoanguyen/.conda/envs/lervup/lib/python3.8/site-packages/scipy/stats/stats.py:3845: PearsonRConstantInputWarning: An input array is constant; the correlation coefficent is not defined.
  warnings.warn(PearsonRConstantInputWarning())
Config './configs/mobi_BL.yaml' has no VERSION. Assuming it to be compatible with latest v1.
[(<lib.baseline.baseline.BaseFocalRating object at 0x7fb2f73688e0>, 0.33397045988700336), (<lib.baseline.baseline.BaseFocalRating object at 0x7fb2f736ba90>, 0.33397045988700336), (<lib.baseline.baseline.BaseFocalRating object at 0x7fb2f7368370>, 0.33397045988700336), (<lib.baseline.baseline.BaseFocalRating object at 0x7fb2f7368f40>, 0.33397045988700336), (<lib.baseline.baseline.BaseFocalRating object at 0x7fb2f7368610>, 0.3276578612147276), (<lib.baseline.baseline.BaseFocalRating object at 0x7fb2f7368100>, 0.3288825441872343), (<lib.baseline.baseline.BaseFocalRating object at 0x7fb2f73684c0>, 0.33452565398678175), (<lib.baseline.baseline.BaseFocalRating object at 0x7fb2f7368640>, 0.3333663481019349), (<lib.baseline.baseline.BaseFocalRating object at 0x7fb2f7368220>, 0.32639995629191115), (<lib.baseline.baseline.BaseFocalRating object at 0x7fb2f7368df0>, 0.3277956406691217), (<lib.baseline.baseline.BaseFocalRating object at 0x7fb2f7368a00>, 0.32950275083934755), (<lib.baseline.baseline.BaseFocalRating object at 0x7fb2f7368760>, 0.3289120691175159), (<lib.baseline.baseline.BaseFocalRating object at 0x7fb2f73d5400>, 0.3234375256232564), (<lib.baseline.baseline.BaseFocalRating object at 0x7fb2f7368a30>, 0.33282831042387095), (<lib.baseline.baseline.BaseFocalRating object at 0x7fb2f7368f70>, 0.3278376525449468), (<lib.baseline.baseline.BaseFocalRating object at 0x7fb2f7368ca0>, 0.3293357309557332)]
best val model score:  0.33452565398678175
total time:  289.9609172344208
Saved model !
Best Val Corr: 0.3345
/home/khoanguyen/.conda/envs/lervup/lib/python3.8/site-packages/scipy/stats/stats.py:3845: PearsonRConstantInputWarning: An input array is constant; the correlation coefficent is not defined.
  warnings.warn(PearsonRConstantInputWarning())
/home/khoanguyen/.conda/envs/lervup/lib/python3.8/site-packages/scipy/stats/stats.py:3845: PearsonRConstantInputWarning: An input array is constant; the correlation coefficent is not defined.
  warnings.warn(PearsonRConstantInputWarning())
/home/khoanguyen/.conda/envs/lervup/lib/python3.8/site-packages/scipy/stats/stats.py:3845: PearsonRConstantInputWarning: An input array is constant; the correlation coefficent is not defined.
  warnings.warn(PearsonRConstantInputWarning())
/home/khoanguyen/.conda/envs/lervup/lib/python3.8/site-packages/scipy/stats/stats.py:3845: PearsonRConstantInputWarning: An input array is constant; the correlation coefficent is not defined.
  warnings.warn(PearsonRConstantInputWarning())
/home/khoanguyen/.conda/envs/lervup/lib/python3.8/site-packages/scipy/stats/stats.py:3845: PearsonRConstantInputWarning: An input array is constant; the correlation coefficent is not defined.
  warnings.warn(PearsonRConstantInputWarning())
/home/khoanguyen/.conda/envs/lervup/lib/python3.8/site-packages/scipy/stats/stats.py:3845: PearsonRConstantInputWarning: An input array is constant; the correlation coefficent is not defined.
  warnings.warn(PearsonRConstantInputWarning())
/home/khoanguyen/.conda/envs/lervup/lib/python3.8/site-packages/scipy/stats/stats.py:3845: PearsonRConstantInputWarning: An input array is constant; the correlation coefficent is not defined.
  warnings.warn(PearsonRConstantInputWarning())
/home/khoanguyen/.conda/envs/lervup/lib/python3.8/site-packages/scipy/stats/stats.py:3845: PearsonRConstantInputWarning: An input array is constant; the correlation coefficent is not defined.
  warnings.warn(PearsonRConstantInputWarning())
/home/khoanguyen/.conda/envs/lervup/lib/python3.8/site-packages/scipy/stats/stats.py:3845: PearsonRConstantInputWarning: An input array is constant; the correlation coefficent is not defined.
  warnings.warn(PearsonRConstantInputWarning())
/home/khoanguyen/.conda/envs/lervup/lib/python3.8/site-packages/scipy/stats/stats.py:3845: PearsonRConstantInputWarning: An input array is constant; the correlation coefficent is not defined.
  warnings.warn(PearsonRConstantInputWarning())
/home/khoanguyen/.conda/envs/lervup/lib/python3.8/site-packages/scipy/stats/stats.py:3845: PearsonRConstantInputWarning: An input array is constant; the correlation coefficent is not defined.
  warnings.warn(PearsonRConstantInputWarning())
/home/khoanguyen/.conda/envs/lervup/lib/python3.8/site-packages/scipy/stats/stats.py:3845: PearsonRConstantInputWarning: An input array is constant; the correlation coefficent is not defined.
  warnings.warn(PearsonRConstantInputWarning())
/home/khoanguyen/.conda/envs/lervup/lib/python3.8/site-packages/scipy/stats/stats.py:3845: PearsonRConstantInputWarning: An input array is constant; the correlation coefficent is not defined.
  warnings.warn(PearsonRConstantInputWarning())
/home/khoanguyen/.conda/envs/lervup/lib/python3.8/site-packages/scipy/stats/stats.py:3845: PearsonRConstantInputWarning: An input array is constant; the correlation coefficent is not defined.
  warnings.warn(PearsonRConstantInputWarning())
/home/khoanguyen/.conda/envs/lervup/lib/python3.8/site-packages/scipy/stats/stats.py:3845: PearsonRConstantInputWarning: An input array is constant; the correlation coefficent is not defined.
  warnings.warn(PearsonRConstantInputWarning())
/home/khoanguyen/.conda/envs/lervup/lib/python3.8/site-packages/scipy/stats/stats.py:3845: PearsonRConstantInputWarning: An input array is constant; the correlation coefficent is not defined.
  warnings.warn(PearsonRConstantInputWarning())
Config './configs/mobi_BL.yaml' has no VERSION. Assuming it to be compatible with latest v1.
[(<lib.baseline.baseline.BaseFocalRating object at 0x7f9a58a7b250>, 0.6435295658715761), (<lib.baseline.baseline.BaseFocalRating object at 0x7f9a58a7e9d0>, 0.6435295658715761), (<lib.baseline.baseline.BaseFocalRating object at 0x7f9a58a7b4f0>, 0.6435295658715761), (<lib.baseline.baseline.BaseFocalRating object at 0x7f9a58a7b100>, 0.6435295658715761), (<lib.baseline.baseline.BaseFocalRating object at 0x7f9a58a7b640>, 0.6431385297635143), (<lib.baseline.baseline.BaseFocalRating object at 0x7f9a58a7b3a0>, 0.6433905773921004), (<lib.baseline.baseline.BaseFocalRating object at 0x7f9a58ae9400>, 0.6434472787806654), (<lib.baseline.baseline.BaseFocalRating object at 0x7f9a58a7b790>, 0.6434714837479802), (<lib.baseline.baseline.BaseFocalRating object at 0x7f9a58a7bca0>, 0.64238574766827), (<lib.baseline.baseline.BaseFocalRating object at 0x7f9a58a7b610>, 0.643176021918332), (<lib.baseline.baseline.BaseFocalRating object at 0x7f9a58a7b220>, 0.6433332374764322), (<lib.baseline.baseline.BaseFocalRating object at 0x7f9a58a7b370>, 0.643396022368258), (<lib.baseline.baseline.BaseFocalRating object at 0x7f9a58a7bb80>, 0.6412535060536904), (<lib.baseline.baseline.BaseFocalRating object at 0x7f9a58a7be20>, 0.642884016162302), (<lib.baseline.baseline.BaseFocalRating object at 0x7f9a58a7b8e0>, 0.643186913971072), (<lib.baseline.baseline.BaseFocalRating object at 0x7f9a58a7bb50>, 0.6433029650800713)]
best val model score:  0.6435295658715761
total time:  264.3567590713501
Saved model !
Best Val Corr: 0.6435
/home/khoanguyen/.conda/envs/lervup/lib/python3.8/site-packages/scipy/stats/stats.py:3845: PearsonRConstantInputWarning: An input array is constant; the correlation coefficent is not defined.
  warnings.warn(PearsonRConstantInputWarning())
/home/khoanguyen/.conda/envs/lervup/lib/python3.8/site-packages/scipy/stats/stats.py:3845: PearsonRConstantInputWarning: An input array is constant; the correlation coefficent is not defined.
  warnings.warn(PearsonRConstantInputWarning())
/home/khoanguyen/.conda/envs/lervup/lib/python3.8/site-packages/scipy/stats/stats.py:3845: PearsonRConstantInputWarning: An input array is constant; the correlation coefficent is not defined.
  warnings.warn(PearsonRConstantInputWarning())
/home/khoanguyen/.conda/envs/lervup/lib/python3.8/site-packages/scipy/stats/stats.py:3845: PearsonRConstantInputWarning: An input array is constant; the correlation coefficent is not defined.
  warnings.warn(PearsonRConstantInputWarning())
/home/khoanguyen/.conda/envs/lervup/lib/python3.8/site-packages/scipy/stats/stats.py:3845: PearsonRConstantInputWarning: An input array is constant; the correlation coefficent is not defined.
  warnings.warn(PearsonRConstantInputWarning())
/home/khoanguyen/.conda/envs/lervup/lib/python3.8/site-packages/scipy/stats/stats.py:3845: PearsonRConstantInputWarning: An input array is constant; the correlation coefficent is not defined.
  warnings.warn(PearsonRConstantInputWarning())
/home/khoanguyen/.conda/envs/lervup/lib/python3.8/site-packages/scipy/stats/stats.py:3845: PearsonRConstantInputWarning: An input array is constant; the correlation coefficent is not defined.
  warnings.warn(PearsonRConstantInputWarning())
/home/khoanguyen/.conda/envs/lervup/lib/python3.8/site-packages/scipy/stats/stats.py:3845: PearsonRConstantInputWarning: An input array is constant; the correlation coefficent is not defined.
  warnings.warn(PearsonRConstantInputWarning())
/home/khoanguyen/.conda/envs/lervup/lib/python3.8/site-packages/scipy/stats/stats.py:3845: PearsonRConstantInputWarning: An input array is constant; the correlation coefficent is not defined.
  warnings.warn(PearsonRConstantInputWarning())
/home/khoanguyen/.conda/envs/lervup/lib/python3.8/site-packages/scipy/stats/stats.py:3845: PearsonRConstantInputWarning: An input array is constant; the correlation coefficent is not defined.
  warnings.warn(PearsonRConstantInputWarning())
/home/khoanguyen/.conda/envs/lervup/lib/python3.8/site-packages/scipy/stats/stats.py:3845: PearsonRConstantInputWarning: An input array is constant; the correlation coefficent is not defined.
  warnings.warn(PearsonRConstantInputWarning())
/home/khoanguyen/.conda/envs/lervup/lib/python3.8/site-packages/scipy/stats/stats.py:3845: PearsonRConstantInputWarning: An input array is constant; the correlation coefficent is not defined.
  warnings.warn(PearsonRConstantInputWarning())
/home/khoanguyen/.conda/envs/lervup/lib/python3.8/site-packages/scipy/stats/stats.py:3845: PearsonRConstantInputWarning: An input array is constant; the correlation coefficent is not defined.
  warnings.warn(PearsonRConstantInputWarning())
/home/khoanguyen/.conda/envs/lervup/lib/python3.8/site-packages/scipy/stats/stats.py:3845: PearsonRConstantInputWarning: An input array is constant; the correlation coefficent is not defined.
  warnings.warn(PearsonRConstantInputWarning())
/home/khoanguyen/.conda/envs/lervup/lib/python3.8/site-packages/scipy/stats/stats.py:3845: PearsonRConstantInputWarning: An input array is constant; the correlation coefficent is not defined.
  warnings.warn(PearsonRConstantInputWarning())
/home/khoanguyen/.conda/envs/lervup/lib/python3.8/site-packages/scipy/stats/stats.py:3845: PearsonRConstantInputWarning: An input array is constant; the correlation coefficent is not defined.
  warnings.warn(PearsonRConstantInputWarning())
Config './configs/rcnn_BL.yaml' has no VERSION. Assuming it to be compatible with latest v1.
[(<lib.baseline.baseline.BaseFocalRating object at 0x7f37ae2b4dc0>, 0.3000952176661291), (<lib.baseline.baseline.BaseFocalRating object at 0x7f37ae2b4bb0>, 0.3000952176661291), (<lib.baseline.baseline.BaseFocalRating object at 0x7f37ae252cd0>, 0.3000952176661291), (<lib.baseline.baseline.BaseFocalRating object at 0x7f37ae252e20>, 0.3000952176661291), (<lib.baseline.baseline.BaseFocalRating object at 0x7f37ae2b4d60>, 0.37041155643226087), (<lib.baseline.baseline.BaseFocalRating object at 0x7f37ae2b4fa0>, 0.30076686693807075), (<lib.baseline.baseline.BaseFocalRating object at 0x7f37ae2b4f70>, 0.30053757486280636), (<lib.baseline.baseline.BaseFocalRating object at 0x7f37ae2b4c10>, 0.30042496485943826), (<lib.baseline.baseline.BaseFocalRating object at 0x7f37ae2b4cd0>, 0.3726105536900308), (<lib.baseline.baseline.BaseFocalRating object at 0x7f37ae2c09a0>, 0.370212027991646), (<lib.baseline.baseline.BaseFocalRating object at 0x7f37ae2b4c40>, 0.3751862481766315), (<lib.baseline.baseline.BaseFocalRating object at 0x7f37ae255880>, 0.30074056764507423), (<lib.baseline.baseline.BaseFocalRating object at 0x7f37ae2b4f10>, 0.37444994750322635), (<lib.baseline.baseline.BaseFocalRating object at 0x7f37ae2b4e50>, 0.3712783638740914), (<lib.baseline.baseline.BaseFocalRating object at 0x7f37ae2b4a90>, 0.37015257717115974), (<lib.baseline.baseline.BaseFocalRating object at 0x7f37ae2d9df0>, 0.37537553480266106)]
best val model score:  0.37537553480266106
total time:  443.4052367210388
Saved model !
Best Val Corr: 0.3754
/home/khoanguyen/.conda/envs/lervup/lib/python3.8/site-packages/scipy/stats/stats.py:3845: PearsonRConstantInputWarning: An input array is constant; the correlation coefficent is not defined.
  warnings.warn(PearsonRConstantInputWarning())
/home/khoanguyen/.conda/envs/lervup/lib/python3.8/site-packages/scipy/stats/stats.py:3845: PearsonRConstantInputWarning: An input array is constant; the correlation coefficent is not defined.
  warnings.warn(PearsonRConstantInputWarning())
/home/khoanguyen/.conda/envs/lervup/lib/python3.8/site-packages/scipy/stats/stats.py:3845: PearsonRConstantInputWarning: An input array is constant; the correlation coefficent is not defined.
  warnings.warn(PearsonRConstantInputWarning())
/home/khoanguyen/.conda/envs/lervup/lib/python3.8/site-packages/scipy/stats/stats.py:3845: PearsonRConstantInputWarning: An input array is constant; the correlation coefficent is not defined.
  warnings.warn(PearsonRConstantInputWarning())
/home/khoanguyen/.conda/envs/lervup/lib/python3.8/site-packages/scipy/stats/stats.py:3845: PearsonRConstantInputWarning: An input array is constant; the correlation coefficent is not defined.
  warnings.warn(PearsonRConstantInputWarning())
/home/khoanguyen/.conda/envs/lervup/lib/python3.8/site-packages/scipy/stats/stats.py:3845: PearsonRConstantInputWarning: An input array is constant; the correlation coefficent is not defined.
  warnings.warn(PearsonRConstantInputWarning())
/home/khoanguyen/.conda/envs/lervup/lib/python3.8/site-packages/scipy/stats/stats.py:3845: PearsonRConstantInputWarning: An input array is constant; the correlation coefficent is not defined.
  warnings.warn(PearsonRConstantInputWarning())
/home/khoanguyen/.conda/envs/lervup/lib/python3.8/site-packages/scipy/stats/stats.py:3845: PearsonRConstantInputWarning: An input array is constant; the correlation coefficent is not defined.
  warnings.warn(PearsonRConstantInputWarning())
/home/khoanguyen/.conda/envs/lervup/lib/python3.8/site-packages/scipy/stats/stats.py:3845: PearsonRConstantInputWarning: An input array is constant; the correlation coefficent is not defined.
  warnings.warn(PearsonRConstantInputWarning())
/home/khoanguyen/.conda/envs/lervup/lib/python3.8/site-packages/scipy/stats/stats.py:3845: PearsonRConstantInputWarning: An input array is constant; the correlation coefficent is not defined.
  warnings.warn(PearsonRConstantInputWarning())
/home/khoanguyen/.conda/envs/lervup/lib/python3.8/site-packages/scipy/stats/stats.py:3845: PearsonRConstantInputWarning: An input array is constant; the correlation coefficent is not defined.
  warnings.warn(PearsonRConstantInputWarning())
/home/khoanguyen/.conda/envs/lervup/lib/python3.8/site-packages/scipy/stats/stats.py:3845: PearsonRConstantInputWarning: An input array is constant; the correlation coefficent is not defined.
  warnings.warn(PearsonRConstantInputWarning())
/home/khoanguyen/.conda/envs/lervup/lib/python3.8/site-packages/scipy/stats/stats.py:3845: PearsonRConstantInputWarning: An input array is constant; the correlation coefficent is not defined.
  warnings.warn(PearsonRConstantInputWarning())
/home/khoanguyen/.conda/envs/lervup/lib/python3.8/site-packages/scipy/stats/stats.py:3845: PearsonRConstantInputWarning: An input array is constant; the correlation coefficent is not defined.
  warnings.warn(PearsonRConstantInputWarning())
/home/khoanguyen/.conda/envs/lervup/lib/python3.8/site-packages/scipy/stats/stats.py:3845: PearsonRConstantInputWarning: An input array is constant; the correlation coefficent is not defined.
  warnings.warn(PearsonRConstantInputWarning())
/home/khoanguyen/.conda/envs/lervup/lib/python3.8/site-packages/scipy/stats/stats.py:3845: PearsonRConstantInputWarning: An input array is constant; the correlation coefficent is not defined.
  warnings.warn(PearsonRConstantInputWarning())
Config './configs/rcnn_BL.yaml' has no VERSION. Assuming it to be compatible with latest v1.
[(<lib.baseline.baseline.BaseFocalRating object at 0x7fd18bbe3130>, 0.4843680325167453), (<lib.baseline.baseline.BaseFocalRating object at 0x7fd18bbe3d00>, 0.4843680325167453), (<lib.baseline.baseline.BaseFocalRating object at 0x7fd18bbe3520>, 0.4843680325167453), (<lib.baseline.baseline.BaseFocalRating object at 0x7fd18bbe6550>, 0.4843680325167453), (<lib.baseline.baseline.BaseFocalRating object at 0x7fd18bc51520>, 0.4834982086587008), (<lib.baseline.baseline.BaseFocalRating object at 0x7fd18bbe3e20>, 0.4849657951558258), (<lib.baseline.baseline.BaseFocalRating object at 0x7fd18bbe3640>, 0.4846626237397247), (<lib.baseline.baseline.BaseFocalRating object at 0x7fd18bbe3a30>, 0.4846014141961189), (<lib.baseline.baseline.BaseFocalRating object at 0x7fd18bbe37c0>, 0.48462688547997296), (<lib.baseline.baseline.BaseFocalRating object at 0x7fd18bbe3cd0>, 0.48345693444326887), (<lib.baseline.baseline.BaseFocalRating object at 0x7fd18bbe3280>, 0.48391835909542463), (<lib.baseline.baseline.BaseFocalRating object at 0x7fd18bbe3100>, 0.484769089622692), (<lib.baseline.baseline.BaseFocalRating object at 0x7fd18bbe3a60>, 0.48122336438816615), (<lib.baseline.baseline.BaseFocalRating object at 0x7fd18bbe3b80>, 0.484492358704224), (<lib.baseline.baseline.BaseFocalRating object at 0x7fd18bbe3250>, 0.48344422764389655), (<lib.baseline.baseline.BaseFocalRating object at 0x7fd18bbe33d0>, 0.4839601448357051)]
best val model score:  0.4849657951558258
total time:  467.1545329093933
Saved model !
Best Val Corr: 0.4850
/home/khoanguyen/.conda/envs/lervup/lib/python3.8/site-packages/scipy/stats/stats.py:3845: PearsonRConstantInputWarning: An input array is constant; the correlation coefficent is not defined.
  warnings.warn(PearsonRConstantInputWarning())
/home/khoanguyen/.conda/envs/lervup/lib/python3.8/site-packages/scipy/stats/stats.py:3845: PearsonRConstantInputWarning: An input array is constant; the correlation coefficent is not defined.
  warnings.warn(PearsonRConstantInputWarning())
/home/khoanguyen/.conda/envs/lervup/lib/python3.8/site-packages/scipy/stats/stats.py:3845: PearsonRConstantInputWarning: An input array is constant; the correlation coefficent is not defined.
  warnings.warn(PearsonRConstantInputWarning())
/home/khoanguyen/.conda/envs/lervup/lib/python3.8/site-packages/scipy/stats/stats.py:3845: PearsonRConstantInputWarning: An input array is constant; the correlation coefficent is not defined.
  warnings.warn(PearsonRConstantInputWarning())
/home/khoanguyen/.conda/envs/lervup/lib/python3.8/site-packages/scipy/stats/stats.py:3845: PearsonRConstantInputWarning: An input array is constant; the correlation coefficent is not defined.
  warnings.warn(PearsonRConstantInputWarning())
/home/khoanguyen/.conda/envs/lervup/lib/python3.8/site-packages/scipy/stats/stats.py:3845: PearsonRConstantInputWarning: An input array is constant; the correlation coefficent is not defined.
  warnings.warn(PearsonRConstantInputWarning())
/home/khoanguyen/.conda/envs/lervup/lib/python3.8/site-packages/scipy/stats/stats.py:3845: PearsonRConstantInputWarning: An input array is constant; the correlation coefficent is not defined.
  warnings.warn(PearsonRConstantInputWarning())
/home/khoanguyen/.conda/envs/lervup/lib/python3.8/site-packages/scipy/stats/stats.py:3845: PearsonRConstantInputWarning: An input array is constant; the correlation coefficent is not defined.
  warnings.warn(PearsonRConstantInputWarning())
/home/khoanguyen/.conda/envs/lervup/lib/python3.8/site-packages/scipy/stats/stats.py:3845: PearsonRConstantInputWarning: An input array is constant; the correlation coefficent is not defined.
  warnings.warn(PearsonRConstantInputWarning())
/home/khoanguyen/.conda/envs/lervup/lib/python3.8/site-packages/scipy/stats/stats.py:3845: PearsonRConstantInputWarning: An input array is constant; the correlation coefficent is not defined.
  warnings.warn(PearsonRConstantInputWarning())
/home/khoanguyen/.conda/envs/lervup/lib/python3.8/site-packages/scipy/stats/stats.py:3845: PearsonRConstantInputWarning: An input array is constant; the correlation coefficent is not defined.
  warnings.warn(PearsonRConstantInputWarning())
/home/khoanguyen/.conda/envs/lervup/lib/python3.8/site-packages/scipy/stats/stats.py:3845: PearsonRConstantInputWarning: An input array is constant; the correlation coefficent is not defined.
  warnings.warn(PearsonRConstantInputWarning())
/home/khoanguyen/.conda/envs/lervup/lib/python3.8/site-packages/scipy/stats/stats.py:3845: PearsonRConstantInputWarning: An input array is constant; the correlation coefficent is not defined.
  warnings.warn(PearsonRConstantInputWarning())
/home/khoanguyen/.conda/envs/lervup/lib/python3.8/site-packages/scipy/stats/stats.py:3845: PearsonRConstantInputWarning: An input array is constant; the correlation coefficent is not defined.
  warnings.warn(PearsonRConstantInputWarning())
/home/khoanguyen/.conda/envs/lervup/lib/python3.8/site-packages/scipy/stats/stats.py:3845: PearsonRConstantInputWarning: An input array is constant; the correlation coefficent is not defined.
  warnings.warn(PearsonRConstantInputWarning())
/home/khoanguyen/.conda/envs/lervup/lib/python3.8/site-packages/scipy/stats/stats.py:3845: PearsonRConstantInputWarning: An input array is constant; the correlation coefficent is not defined.
  warnings.warn(PearsonRConstantInputWarning())
Config './configs/rcnn_BL.yaml' has no VERSION. Assuming it to be compatible with latest v1.
[(<lib.baseline.baseline.BaseFocalRating object at 0x7f3e0c13fcd0>, 0.36932222796261516), (<lib.baseline.baseline.BaseFocalRating object at 0x7f3e0c1ad520>, 0.36932222796261516), (<lib.baseline.baseline.BaseFocalRating object at 0x7f3e0c13f4c0>, 0.36932222796261516), (<lib.baseline.baseline.BaseFocalRating object at 0x7f3e0c142550>, 0.36932222796261516), (<lib.baseline.baseline.BaseFocalRating object at 0x7f3e0c13fa30>, 0.369114799220401), (<lib.baseline.baseline.BaseFocalRating object at 0x7f3e0c13f790>, 0.3693888268550675), (<lib.baseline.baseline.BaseFocalRating object at 0x7f3e0c13f8e0>, 0.3693720480372499), (<lib.baseline.baseline.BaseFocalRating object at 0x7f3e0c13f3a0>, 0.3693614743806046), (<lib.baseline.baseline.BaseFocalRating object at 0x7f3e0c13f100>, 0.3619058647645723), (<lib.baseline.baseline.BaseFocalRating object at 0x7f3e0c13fe20>, 0.36910175095524844), (<lib.baseline.baseline.BaseFocalRating object at 0x7f3e0c13f250>, 0.369391688190541), (<lib.baseline.baseline.BaseFocalRating object at 0x7f3e0c13ff70>, 0.36938406338278007), (<lib.baseline.baseline.BaseFocalRating object at 0x7f3e0c13f640>, 0.3684080003936775), (<lib.baseline.baseline.BaseFocalRating object at 0x7f3e0c13f760>, 0.3619152282771462), (<lib.baseline.baseline.BaseFocalRating object at 0x7f3e0c13f4f0>, 0.3696565155277844), (<lib.baseline.baseline.BaseFocalRating object at 0x7f3e0c13fdf0>, 0.3693902922339929)]
best val model score:  0.3696565155277844
total time:  431.5579025745392
Saved model !
Best Val Corr: 0.3697
/home/khoanguyen/.conda/envs/lervup/lib/python3.8/site-packages/scipy/stats/stats.py:3845: PearsonRConstantInputWarning: An input array is constant; the correlation coefficent is not defined.
  warnings.warn(PearsonRConstantInputWarning())
/home/khoanguyen/.conda/envs/lervup/lib/python3.8/site-packages/scipy/stats/stats.py:3845: PearsonRConstantInputWarning: An input array is constant; the correlation coefficent is not defined.
  warnings.warn(PearsonRConstantInputWarning())
/home/khoanguyen/.conda/envs/lervup/lib/python3.8/site-packages/scipy/stats/stats.py:3845: PearsonRConstantInputWarning: An input array is constant; the correlation coefficent is not defined.
  warnings.warn(PearsonRConstantInputWarning())
/home/khoanguyen/.conda/envs/lervup/lib/python3.8/site-packages/scipy/stats/stats.py:3845: PearsonRConstantInputWarning: An input array is constant; the correlation coefficent is not defined.
  warnings.warn(PearsonRConstantInputWarning())
/home/khoanguyen/.conda/envs/lervup/lib/python3.8/site-packages/scipy/stats/stats.py:3845: PearsonRConstantInputWarning: An input array is constant; the correlation coefficent is not defined.
  warnings.warn(PearsonRConstantInputWarning())
/home/khoanguyen/.conda/envs/lervup/lib/python3.8/site-packages/scipy/stats/stats.py:3845: PearsonRConstantInputWarning: An input array is constant; the correlation coefficent is not defined.
  warnings.warn(PearsonRConstantInputWarning())
/home/khoanguyen/.conda/envs/lervup/lib/python3.8/site-packages/scipy/stats/stats.py:3845: PearsonRConstantInputWarning: An input array is constant; the correlation coefficent is not defined.
  warnings.warn(PearsonRConstantInputWarning())
/home/khoanguyen/.conda/envs/lervup/lib/python3.8/site-packages/scipy/stats/stats.py:3845: PearsonRConstantInputWarning: An input array is constant; the correlation coefficent is not defined.
  warnings.warn(PearsonRConstantInputWarning())
/home/khoanguyen/.conda/envs/lervup/lib/python3.8/site-packages/scipy/stats/stats.py:3845: PearsonRConstantInputWarning: An input array is constant; the correlation coefficent is not defined.
  warnings.warn(PearsonRConstantInputWarning())
/home/khoanguyen/.conda/envs/lervup/lib/python3.8/site-packages/scipy/stats/stats.py:3845: PearsonRConstantInputWarning: An input array is constant; the correlation coefficent is not defined.
  warnings.warn(PearsonRConstantInputWarning())
/home/khoanguyen/.conda/envs/lervup/lib/python3.8/site-packages/scipy/stats/stats.py:3845: PearsonRConstantInputWarning: An input array is constant; the correlation coefficent is not defined.
  warnings.warn(PearsonRConstantInputWarning())
/home/khoanguyen/.conda/envs/lervup/lib/python3.8/site-packages/scipy/stats/stats.py:3845: PearsonRConstantInputWarning: An input array is constant; the correlation coefficent is not defined.
  warnings.warn(PearsonRConstantInputWarning())
/home/khoanguyen/.conda/envs/lervup/lib/python3.8/site-packages/scipy/stats/stats.py:3845: PearsonRConstantInputWarning: An input array is constant; the correlation coefficent is not defined.
  warnings.warn(PearsonRConstantInputWarning())
/home/khoanguyen/.conda/envs/lervup/lib/python3.8/site-packages/scipy/stats/stats.py:3845: PearsonRConstantInputWarning: An input array is constant; the correlation coefficent is not defined.
  warnings.warn(PearsonRConstantInputWarning())
/home/khoanguyen/.conda/envs/lervup/lib/python3.8/site-packages/scipy/stats/stats.py:3845: PearsonRConstantInputWarning: An input array is constant; the correlation coefficent is not defined.
  warnings.warn(PearsonRConstantInputWarning())
/home/khoanguyen/.conda/envs/lervup/lib/python3.8/site-packages/scipy/stats/stats.py:3845: PearsonRConstantInputWarning: An input array is constant; the correlation coefficent is not defined.
  warnings.warn(PearsonRConstantInputWarning())
Config './configs/rcnn_BL.yaml' has no VERSION. Assuming it to be compatible with latest v1.
[(<lib.baseline.baseline.BaseFocalRating object at 0x7f430923c550>, 0.6852476922761137), (<lib.baseline.baseline.BaseFocalRating object at 0x7f430923c7c0>, 0.6852476922761137), (<lib.baseline.baseline.BaseFocalRating object at 0x7f430923c820>, 0.6852476922761137), (<lib.baseline.baseline.BaseFocalRating object at 0x7f430923cc10>, 0.6852476922761137), (<lib.baseline.baseline.BaseFocalRating object at 0x7f430923cd60>, 0.6835640005961308), (<lib.baseline.baseline.BaseFocalRating object at 0x7f430923c580>, 0.684506124783677), (<lib.baseline.baseline.BaseFocalRating object at 0x7f430923c100>, 0.6847724407902442), (<lib.baseline.baseline.BaseFocalRating object at 0x7f430923c6d0>, 0.6848980503417288), (<lib.baseline.baseline.BaseFocalRating object at 0x7f430923c2b0>, 0.6815863719501198), (<lib.baseline.baseline.BaseFocalRating object at 0x7f430923c970>, 0.6837018659851164), (<lib.baseline.baseline.BaseFocalRating object at 0x7f430923ceb0>, 0.6842706868700077), (<lib.baseline.baseline.BaseFocalRating object at 0x7f43092aabe0>, 0.6845338620053136), (<lib.baseline.baseline.BaseFocalRating object at 0x7f430923cac0>, 0.6793249509309759), (<lib.baseline.baseline.BaseFocalRating object at 0x7f430923c7f0>, 0.6828356870682183), (<lib.baseline.baseline.BaseFocalRating object at 0x7f430923cfd0>, 0.683742623557485), (<lib.baseline.baseline.BaseFocalRating object at 0x7f43092aa400>, 0.6841552020526809)]
best val model score:  0.6852476922761137
total time:  435.933228969574
Saved model !
Best Val Corr: 0.6852
/home/khoanguyen/.conda/envs/lervup/lib/python3.8/site-packages/scipy/stats/stats.py:3845: PearsonRConstantInputWarning: An input array is constant; the correlation coefficent is not defined.
  warnings.warn(PearsonRConstantInputWarning())
/home/khoanguyen/.conda/envs/lervup/lib/python3.8/site-packages/scipy/stats/stats.py:3845: PearsonRConstantInputWarning: An input array is constant; the correlation coefficent is not defined.
  warnings.warn(PearsonRConstantInputWarning())
/home/khoanguyen/.conda/envs/lervup/lib/python3.8/site-packages/scipy/stats/stats.py:3845: PearsonRConstantInputWarning: An input array is constant; the correlation coefficent is not defined.
  warnings.warn(PearsonRConstantInputWarning())
/home/khoanguyen/.conda/envs/lervup/lib/python3.8/site-packages/scipy/stats/stats.py:3845: PearsonRConstantInputWarning: An input array is constant; the correlation coefficent is not defined.
  warnings.warn(PearsonRConstantInputWarning())
/home/khoanguyen/.conda/envs/lervup/lib/python3.8/site-packages/scipy/stats/stats.py:3845: PearsonRConstantInputWarning: An input array is constant; the correlation coefficent is not defined.
  warnings.warn(PearsonRConstantInputWarning())
/home/khoanguyen/.conda/envs/lervup/lib/python3.8/site-packages/scipy/stats/stats.py:3845: PearsonRConstantInputWarning: An input array is constant; the correlation coefficent is not defined.
  warnings.warn(PearsonRConstantInputWarning())
/home/khoanguyen/.conda/envs/lervup/lib/python3.8/site-packages/scipy/stats/stats.py:3845: PearsonRConstantInputWarning: An input array is constant; the correlation coefficent is not defined.
  warnings.warn(PearsonRConstantInputWarning())
/home/khoanguyen/.conda/envs/lervup/lib/python3.8/site-packages/scipy/stats/stats.py:3845: PearsonRConstantInputWarning: An input array is constant; the correlation coefficent is not defined.
  warnings.warn(PearsonRConstantInputWarning())
/home/khoanguyen/.conda/envs/lervup/lib/python3.8/site-packages/scipy/stats/stats.py:3845: PearsonRConstantInputWarning: An input array is constant; the correlation coefficent is not defined.
  warnings.warn(PearsonRConstantInputWarning())
/home/khoanguyen/.conda/envs/lervup/lib/python3.8/site-packages/scipy/stats/stats.py:3845: PearsonRConstantInputWarning: An input array is constant; the correlation coefficent is not defined.
  warnings.warn(PearsonRConstantInputWarning())
/home/khoanguyen/.conda/envs/lervup/lib/python3.8/site-packages/scipy/stats/stats.py:3845: PearsonRConstantInputWarning: An input array is constant; the correlation coefficent is not defined.
  warnings.warn(PearsonRConstantInputWarning())
/home/khoanguyen/.conda/envs/lervup/lib/python3.8/site-packages/scipy/stats/stats.py:3845: PearsonRConstantInputWarning: An input array is constant; the correlation coefficent is not defined.
  warnings.warn(PearsonRConstantInputWarning())
/home/khoanguyen/.conda/envs/lervup/lib/python3.8/site-packages/scipy/stats/stats.py:3845: PearsonRConstantInputWarning: An input array is constant; the correlation coefficent is not defined.
  warnings.warn(PearsonRConstantInputWarning())
/home/khoanguyen/.conda/envs/lervup/lib/python3.8/site-packages/scipy/stats/stats.py:3845: PearsonRConstantInputWarning: An input array is constant; the correlation coefficent is not defined.
  warnings.warn(PearsonRConstantInputWarning())
/home/khoanguyen/.conda/envs/lervup/lib/python3.8/site-packages/scipy/stats/stats.py:3845: PearsonRConstantInputWarning: An input array is constant; the correlation coefficent is not defined.
  warnings.warn(PearsonRConstantInputWarning())
/home/khoanguyen/.conda/envs/lervup/lib/python3.8/site-packages/scipy/stats/stats.py:3845: PearsonRConstantInputWarning: An input array is constant; the correlation coefficent is not defined.
  warnings.warn(PearsonRConstantInputWarning())
